<?xml version="1.0" encoding="UTF-8"?>
<testng-results ignored="0" total="1" passed="1" failed="0" skipped="0">
  <reporter-output>
  </reporter-output>
  <suite started-at="2023-02-19T17:39:27 IST" name="Default suite" finished-at="2023-02-19T17:40:08 IST" duration-ms="40930">
    <groups>
    </groups>
    <test started-at="2023-02-19T17:39:27 IST" name="Default test" finished-at="2023-02-19T17:40:08 IST" duration-ms="40930">
      <class name="TestExcution.crossword">
        <test-method is-config="true" signature="ClassConfiguration()[pri:0, instance:TestExcution.crossword@c88a337]" started-at="2023-02-19T17:39:27 IST" name="ClassConfiguration" finished-at="2023-02-19T17:39:27 IST" duration-ms="590" status="PASS">
          <reporter-output>
          </reporter-output>
        </test-method> <!-- ClassConfiguration -->
        <test-method is-config="true" signature="methodConfiguration()[pri:0, instance:TestExcution.crossword@c88a337]" started-at="2023-02-19T17:39:27 IST" name="methodConfiguration" finished-at="2023-02-19T17:39:38 IST" duration-ms="10347" status="PASS">
          <reporter-output>
          </reporter-output>
        </test-method> <!-- methodConfiguration -->
        <test-method signature="Crossword()[pri:0, instance:TestExcution.crossword@c88a337]" started-at="2023-02-19T17:39:38 IST" name="Crossword" finished-at="2023-02-19T17:40:07 IST" duration-ms="29770" status="PASS">
          <reporter-output>
          </reporter-output>
        </test-method> <!-- Crossword -->
        <test-method is-config="true" signature="methodTearDown()[pri:0, instance:TestExcution.crossword@c88a337]" started-at="2023-02-19T17:40:07 IST" name="methodTearDown" finished-at="2023-02-19T17:40:08 IST" duration-ms="193" status="PASS">
          <reporter-output>
          </reporter-output>
        </test-method> <!-- methodTearDown -->
        <test-method is-config="true" signature="classTearDown()[pri:0, instance:TestExcution.crossword@c88a337]" started-at="2023-02-19T17:40:08 IST" name="classTearDown" finished-at="2023-02-19T17:40:08 IST" duration-ms="0" status="PASS">
          <reporter-output>
          </reporter-output>
        </test-method> <!-- classTearDown -->
      </class> <!-- TestExcution.crossword -->
    </test> <!-- Default test -->
  </suite> <!-- Default suite -->
</testng-results>
